app/build/intermediates/manifest_merge_blame_file/debug/processDebugMainManifest/manifest-merger-blame-debug-report.txt
1<?xml version="1.0" encoding="utf-8"?>
2<manifest xmlns:android="http://schemas.android.com/apk/res/android"
3    package="com.caren.dev.umuhinzi_mobile_app"
4    android:versionCode="1"
5    android:versionName="1.0" >
6
7    <uses-sdk
8        android:minSdkVersion="24"
9        android:targetSdkVersion="34" />
10
11    <permission
11-->[androidx.core:core:1.13.1] AndroidManifest.xml:22:5-24:47
12        android:name="com.caren.dev.umuhinzi_mobile_app.DYNAMIC_RECEIVER_NOT_EXPORTED_PERMISSION"
12-->[androidx.core:core:1.13.1] AndroidManifest.xml:23:9-81
13        android:protectionLevel="signature" />
13-->[androidx.core:core:1.13.1] AndroidManifest.xml:24:9-44
14
15    <uses-permission android:name="com.caren.dev.umuhinzi_mobile_app.DYNAMIC_RECEIVER_NOT_EXPORTED_PERMISSION" />
15-->[androidx.core:core:1.13.1] AndroidManifest.xml:26:5-97
15-->[androidx.core:core:1.13.1] AndroidManifest.xml:26:22-94
16
17    <application
17-->src/main/AndroidManifest.xml:5:5-54:19
18        android:allowBackup="true"
18-->src/main/AndroidManifest.xml:6:9-35
19        android:appComponentFactory="androidx.core.app.CoreComponentFactory"
19-->[androidx.core:core:1.13.1] AndroidManifest.xml:28:18-86
20        android:dataExtractionRules="@xml/data_extraction_rules"
20-->src/main/AndroidManifest.xml:7:9-65
21        android:debuggable="true"
22        android:extractNativeLibs="false"
23        android:fullBackupContent="@xml/backup_rules"
23-->src/main/AndroidManifest.xml:8:9-54
24        android:icon="@mipmap/ic_launcher"
24-->src/main/AndroidManifest.xml:9:9-43
25        android:label="@string/app_name"
25-->src/main/AndroidManifest.xml:10:9-41
26        android:roundIcon="@mipmap/ic_launcher_round"
26-->src/main/AndroidManifest.xml:11:9-54
27        android:supportsRtl="true"
27-->src/main/AndroidManifest.xml:12:9-35
28        android:testOnly="true"
29        android:theme="@style/Theme.Umuhinzi_Mobile_App" >
29-->src/main/AndroidManifest.xml:13:9-57
30        <activity
30-->src/main/AndroidManifest.xml:15:9-17:40
31            android:name="com.caren.dev.umuhinzi_mobile_app.ActivitySignUp"
31-->src/main/AndroidManifest.xml:16:13-43
32            android:exported="false" />
32-->src/main/AndroidManifest.xml:17:13-37
33        <activity
33-->src/main/AndroidManifest.xml:18:9-20:40
34            android:name="com.caren.dev.umuhinzi_mobile_app.Activity_SignUp"
34-->src/main/AndroidManifest.xml:19:13-44
35            android:exported="false" />
35-->src/main/AndroidManifest.xml:20:13-37
36        <activity
36-->src/main/AndroidManifest.xml:21:9-23:40
37            android:name="com.caren.dev.umuhinzi_mobile_app.NewsPage"
37-->src/main/AndroidManifest.xml:22:13-37
38            android:exported="false" />
38-->src/main/AndroidManifest.xml:23:13-37
39        <activity
39-->src/main/AndroidManifest.xml:24:9-26:40
40            android:name="com.caren.dev.umuhinzi_mobile_app.Profile_Edit_Page"
40-->src/main/AndroidManifest.xml:25:13-46
41            android:exported="false" />
41-->src/main/AndroidManifest.xml:26:13-37
42        <activity
42-->src/main/AndroidManifest.xml:27:9-29:40
43            android:name="com.caren.dev.umuhinzi_mobile_app.Profile_Page"
43-->src/main/AndroidManifest.xml:28:13-41
44            android:exported="false" />
44-->src/main/AndroidManifest.xml:29:13-37
45        <activity
45-->src/main/AndroidManifest.xml:30:9-32:40
46            android:name="com.caren.dev.umuhinzi_mobile_app.Products_Page"
46-->src/main/AndroidManifest.xml:31:13-42
47            android:exported="false" />
47-->src/main/AndroidManifest.xml:32:13-37
48        <activity
48-->src/main/AndroidManifest.xml:33:9-35:40
49            android:name="com.caren.dev.umuhinzi_mobile_app.Onboard_Login_Page"
49-->src/main/AndroidManifest.xml:34:13-47
50            android:exported="false" />
50-->src/main/AndroidManifest.xml:35:13-37
51        <activity
51-->src/main/AndroidManifest.xml:36:9-38:40
52            android:name="com.caren.dev.umuhinzi_mobile_app.Continuation_Sign_Up"
52-->src/main/AndroidManifest.xml:37:13-49
53            android:exported="false" />
53-->src/main/AndroidManifest.xml:38:13-37
54        <activity
54-->src/main/AndroidManifest.xml:39:9-41:40
55            android:name="com.caren.dev.umuhinzi_mobile_app.MainActivity"
55-->src/main/AndroidManifest.xml:40:13-41
56            android:exported="false" />
56-->src/main/AndroidManifest.xml:41:13-37
57        <activity
57-->src/main/AndroidManifest.xml:42:9-44:40
58            android:name="com.caren.dev.umuhinzi_mobile_app.Landing_Page"
58-->src/main/AndroidManifest.xml:43:13-41
59            android:exported="false" />
59-->src/main/AndroidManifest.xml:44:13-37
60        <activity
60-->src/main/AndroidManifest.xml:45:9-53:20
61            android:name="com.caren.dev.umuhinzi_mobile_app.Onboarding_Screen"
61-->src/main/AndroidManifest.xml:46:13-46
62            android:exported="true" >
62-->src/main/AndroidManifest.xml:47:13-36
63            <intent-filter>
63-->src/main/AndroidManifest.xml:48:13-52:29
64                <action android:name="android.intent.action.MAIN" />
64-->src/main/AndroidManifest.xml:49:17-69
64-->src/main/AndroidManifest.xml:49:25-66
65
66                <category android:name="android.intent.category.LAUNCHER" />
66-->src/main/AndroidManifest.xml:51:17-77
66-->src/main/AndroidManifest.xml:51:27-74
67            </intent-filter>
68        </activity>
69
70        <provider
70-->[androidx.emoji2:emoji2:1.3.0] AndroidManifest.xml:24:9-32:20
71            android:name="androidx.startup.InitializationProvider"
71-->[androidx.emoji2:emoji2:1.3.0] AndroidManifest.xml:25:13-67
72            android:authorities="com.caren.dev.umuhinzi_mobile_app.androidx-startup"
72-->[androidx.emoji2:emoji2:1.3.0] AndroidManifest.xml:26:13-68
73            android:exported="false" >
73-->[androidx.emoji2:emoji2:1.3.0] AndroidManifest.xml:27:13-37
74            <meta-data
74-->[androidx.emoji2:emoji2:1.3.0] AndroidManifest.xml:29:13-31:52
75                android:name="androidx.emoji2.text.EmojiCompatInitializer"
75-->[androidx.emoji2:emoji2:1.3.0] AndroidManifest.xml:30:17-75
76                android:value="androidx.startup" />
76-->[androidx.emoji2:emoji2:1.3.0] AndroidManifest.xml:31:17-49
77            <meta-data
77-->[androidx.lifecycle:lifecycle-process:2.6.2] AndroidManifest.xml:29:13-31:52
78                android:name="androidx.lifecycle.ProcessLifecycleInitializer"
78-->[androidx.lifecycle:lifecycle-process:2.6.2] AndroidManifest.xml:30:17-78
79                android:value="androidx.startup" />
79-->[androidx.lifecycle:lifecycle-process:2.6.2] AndroidManifest.xml:31:17-49
80            <meta-data
80-->[androidx.profileinstaller:profileinstaller:1.3.1] AndroidManifest.xml:29:13-31:52
81                android:name="androidx.profileinstaller.ProfileInstallerInitializer"
81-->[androidx.profileinstaller:profileinstaller:1.3.1] AndroidManifest.xml:30:17-85
82                android:value="androidx.startup" />
82-->[androidx.profileinstaller:profileinstaller:1.3.1] AndroidManifest.xml:31:17-49
83        </provider>
84
85        <receiver
85-->[androidx.profileinstaller:profileinstaller:1.3.1] AndroidManifest.xml:34:9-52:20
86            android:name="androidx.profileinstaller.ProfileInstallReceiver"
86-->[androidx.profileinstaller:profileinstaller:1.3.1] AndroidManifest.xml:35:13-76
87            android:directBootAware="false"
87-->[androidx.profileinstaller:profileinstaller:1.3.1] AndroidManifest.xml:36:13-44
88            android:enabled="true"
88-->[androidx.profileinstaller:profileinstaller:1.3.1] AndroidManifest.xml:37:13-35
89            android:exported="true"
89-->[androidx.profileinstaller:profileinstaller:1.3.1] AndroidManifest.xml:38:13-36
90            android:permission="android.permission.DUMP" >
90-->[androidx.profileinstaller:profileinstaller:1.3.1] AndroidManifest.xml:39:13-57
91            <intent-filter>
91-->[androidx.profileinstaller:profileinstaller:1.3.1] AndroidManifest.xml:40:13-42:29
92                <action android:name="androidx.profileinstaller.action.INSTALL_PROFILE" />
92-->[androidx.profileinstaller:profileinstaller:1.3.1] AndroidManifest.xml:41:17-91
92-->[androidx.profileinstaller:profileinstaller:1.3.1] AndroidManifest.xml:41:25-88
93            </intent-filter>
94            <intent-filter>
94-->[androidx.profileinstaller:profileinstaller:1.3.1] AndroidManifest.xml:43:13-45:29
95                <action android:name="androidx.profileinstaller.action.SKIP_FILE" />
95-->[androidx.profileinstaller:profileinstaller:1.3.1] AndroidManifest.xml:44:17-85
95-->[androidx.profileinstaller:profileinstaller:1.3.1] AndroidManifest.xml:44:25-82
96            </intent-filter>
97            <intent-filter>
97-->[androidx.profileinstaller:profileinstaller:1.3.1] AndroidManifest.xml:46:13-48:29
98                <action android:name="androidx.profileinstaller.action.SAVE_PROFILE" />
98-->[androidx.profileinstaller:profileinstaller:1.3.1] AndroidManifest.xml:47:17-88
98-->[androidx.profileinstaller:profileinstaller:1.3.1] AndroidManifest.xml:47:25-85
99            </intent-filter>
100            <intent-filter>
100-->[androidx.profileinstaller:profileinstaller:1.3.1] AndroidManifest.xml:49:13-51:29
101                <action android:name="androidx.profileinstaller.action.BENCHMARK_OPERATION" />
101-->[androidx.profileinstaller:profileinstaller:1.3.1] AndroidManifest.xml:50:17-95
101-->[androidx.profileinstaller:profileinstaller:1.3.1] AndroidManifest.xml:50:25-92
102            </intent-filter>
103        </receiver>
104    </application>
105
106</manifest>